#! /c/Source/iverilog-install/bin/vvp
:ivl_version "12.0 (devel)" "(s20150603-1539-g2693dd32b)";
:ivl_delay_selection "TYPICAL";
:vpi_time_precision + 0;
:vpi_module "C:\iverilog\lib\ivl\system.vpi";
:vpi_module "C:\iverilog\lib\ivl\vhdl_sys.vpi";
:vpi_module "C:\iverilog\lib\ivl\vhdl_textio.vpi";
:vpi_module "C:\iverilog\lib\ivl\v2005_math.vpi";
:vpi_module "C:\iverilog\lib\ivl\va_math.vpi";
S_000001e6a2892ce0 .scope module, "d_ff" "d_ff" 2 2;
 .timescale 0 0;
    .port_info 0 /INPUT 1 "clk";
    .port_info 1 /INPUT 1 "d";
    .port_info 2 /OUTPUT 1 "q";
    .port_info 3 /OUTPUT 1 "q_bar";
o000001e6a28c6f98 .functor BUFZ 1, C4<z>; HiZ drive
v000001e6a2892e70_0 .net "clk", 0 0, o000001e6a28c6f98;  0 drivers
o000001e6a28c6fc8 .functor BUFZ 1, C4<z>; HiZ drive
v000001e6a2892f10_0 .net "d", 0 0, o000001e6a28c6fc8;  0 drivers
v000001e6a2892fb0_0 .var "q", 0 0;
v000001e6a2893050_0 .var "q_bar", 0 0;
E_000001e6a28c5640 .event posedge, v000001e6a2892e70_0;
    .scope S_000001e6a2892ce0;
T_0 ;
    %wait E_000001e6a28c5640;
    %load/vec4 v000001e6a2892f10_0;
    %assign/vec4 v000001e6a2892fb0_0, 0;
    %load/vec4 v000001e6a2892f10_0;
    %inv;
    %assign/vec4 v000001e6a2893050_0, 0;
    %jmp T_0;
    .thread T_0;
# The file index is used to find the file name in the following table.
:file_names 3;
    "N/A";
    "<interactive>";
    "d_ff.v";
