#! /c/Source/iverilog-install/bin/vvp
:ivl_version "12.0 (devel)" "(s20150603-1539-g2693dd32b)";
:ivl_delay_selection "TYPICAL";
:vpi_time_precision + 0;
:vpi_module "C:\iverilog\lib\ivl\system.vpi";
:vpi_module "C:\iverilog\lib\ivl\vhdl_sys.vpi";
:vpi_module "C:\iverilog\lib\ivl\vhdl_textio.vpi";
:vpi_module "C:\iverilog\lib\ivl\v2005_math.vpi";
:vpi_module "C:\iverilog\lib\ivl\va_math.vpi";
S_0000022480742e30 .scope module, "half_adder" "half_adder" 2 2;
 .timescale 0 0;
    .port_info 0 /INPUT 1 "A";
    .port_info 1 /INPUT 1 "B";
    .port_info 2 /OUTPUT 1 "S";
    .port_info 3 /OUTPUT 1 "C";
o0000022480776af8 .functor BUFZ 1, C4<z>; HiZ drive
o0000022480776b28 .functor BUFZ 1, C4<z>; HiZ drive
L_00000224807435a0 .functor XOR 1, o0000022480776af8, o0000022480776b28, C4<0>, C4<0>;
L_0000022480743700 .functor AND 1, o0000022480776af8, o0000022480776b28, C4<1>, C4<1>;
v0000022480742fc0_0 .net "A", 0 0, o0000022480776af8;  0 drivers
v0000022480743060_0 .net "B", 0 0, o0000022480776b28;  0 drivers
v0000022480743100_0 .net "C", 0 0, L_0000022480743700;  1 drivers
v000002248072d630_0 .net "S", 0 0, L_00000224807435a0;  1 drivers
# The file index is used to find the file name in the following table.
:file_names 3;
    "N/A";
    "<interactive>";
    "half_adder.v";
