#! /c/Source/iverilog-install/bin/vvp
:ivl_version "12.0 (devel)" "(s20150603-1539-g2693dd32b)";
:ivl_delay_selection "TYPICAL";
:vpi_time_precision + 0;
:vpi_module "C:\iverilog\lib\ivl\system.vpi";
:vpi_module "C:\iverilog\lib\ivl\vhdl_sys.vpi";
:vpi_module "C:\iverilog\lib\ivl\vhdl_textio.vpi";
:vpi_module "C:\iverilog\lib\ivl\v2005_math.vpi";
:vpi_module "C:\iverilog\lib\ivl\va_math.vpi";
S_000001e29c4b6e10 .scope module, "two_input_mux" "two_input_mux" 2 2;
 .timescale 0 0;
    .port_info 0 /INPUT 1 "A";
    .port_info 1 /INPUT 1 "B";
    .port_info 2 /INPUT 1 "select";
    .port_info 3 /OUTPUT 1 "OUT";
o000001e29c4b6fa8 .functor BUFZ 1, C4<z>; HiZ drive
v000001e29c483340_0 .net "A", 0 0, o000001e29c4b6fa8;  0 drivers
o000001e29c4b6fd8 .functor BUFZ 1, C4<z>; HiZ drive
v000001e29c3fd850_0 .net "B", 0 0, o000001e29c4b6fd8;  0 drivers
v000001e29c3fd8f0_0 .var "OUT", 0 0;
o000001e29c4b7038 .functor BUFZ 1, C4<z>; HiZ drive
v000001e29c3fd990_0 .net "select", 0 0, o000001e29c4b7038;  0 drivers
E_000001e29c4b4fb0 .event anyedge, v000001e29c3fd990_0, v000001e29c3fd850_0, v000001e29c483340_0;
    .scope S_000001e29c4b6e10;
T_0 ;
    %wait E_000001e29c4b4fb0;
    %load/vec4 v000001e29c3fd990_0;
    %pad/u 32;
    %cmpi/e 1, 0, 32;
    %jmp/0xz  T_0.0, 4;
    %load/vec4 v000001e29c483340_0;
    %store/vec4 v000001e29c3fd8f0_0, 0, 1;
    %jmp T_0.1;
T_0.0 ;
    %load/vec4 v000001e29c3fd850_0;
    %store/vec4 v000001e29c3fd8f0_0, 0, 1;
T_0.1 ;
    %jmp T_0;
    .thread T_0, $push;
# The file index is used to find the file name in the following table.
:file_names 3;
    "N/A";
    "<interactive>";
    "two_input_mux.v";
